0 info it worked if it ends with ok
1 verbose cli [ 'C:\\Program Files\\nodejs\\node.exe',
1 verbose cli   'C:\\Program Files\\nodejs\\node_modules\\npm\\bin\\npm-cli.js',
1 verbose cli   'publish',
1 verbose cli   '.' ]
2 info using npm@2.14.7
3 info using node@v4.2.3
4 verbose publish [ '.' ]
5 silly cache add args [ '.', null ]
6 verbose cache add spec .
7 silly cache add parsed spec Result {
7 silly cache add   raw: '.',
7 silly cache add   scope: null,
7 silly cache add   name: null,
7 silly cache add   rawSpec: '.',
7 silly cache add   spec: 'F:\\auto-img-size',
7 silly cache add   type: 'directory' }
8 verbose addLocalDirectory C:\Users\pc\AppData\Roaming\npm-cache\auto-img-size\0.1.0\package.tgz not in flight; packing
9 verbose tar pack [ 'C:\\Users\\pc\\AppData\\Roaming\\npm-cache\\auto-img-size\\0.1.0\\package.tgz',
9 verbose tar pack   'F:\\auto-img-size' ]
10 verbose tarball C:\Users\pc\AppData\Roaming\npm-cache\auto-img-size\0.1.0\package.tgz
11 verbose folder F:\auto-img-size
12 info prepublish auto-img-size@0.1.0
13 verbose addLocalTarball adding from inside cache C:\Users\pc\AppData\Roaming\npm-cache\auto-img-size\0.1.0\package.tgz
14 silly cache afterAdd auto-img-size@0.1.0
15 verbose afterAdd C:\Users\pc\AppData\Roaming\npm-cache\auto-img-size\0.1.0\package\package.json not in flight; writing
16 verbose afterAdd C:\Users\pc\AppData\Roaming\npm-cache\auto-img-size\0.1.0\package\package.json written
17 silly publish { name: 'auto-img-size',
17 silly publish   version: '0.1.0',
17 silly publish   description: 'a node watching module to generate the property of "width" & "height" automatically. 这是一个在html文件中自动生成img标签的width和height属性的nodejs模块。',
17 silly publish   main: 'index.js',
17 silly publish   preferGlobal: 'true',
17 silly publish   bin: { ais: 'index.js' },
17 silly publish   scripts: { test: 'watch' },
17 silly publish   keywords: [ 'imgtag', 'width', 'height', 'size', 'html', 'auto' ],
17 silly publish   author: { name: 'Hoipo Cheung' },
17 silly publish   license: 'MIT',
17 silly publish   dependencies:
17 silly publish    { cheerio: '^0.19.0',
17 silly publish      chokidar: '^1.4.1',
17 silly publish      commander: '^2.9.0',
17 silly publish      images: '^2.1.10' },
17 silly publish   directories: { test: 'test' },
17 silly publish   devDependencies: {},
17 silly publish   repository:
17 silly publish    { type: 'git',
17 silly publish      url: 'git+https://github.com/hoipo/auto-img-size.git' },
17 silly publish   bugs: { url: 'https://github.com/hoipo/auto-img-size/issues' },
17 silly publish   homepage: 'https://github.com/hoipo/auto-img-size#readme',
17 silly publish   readme: '#auto-img-size\nwatching your html file and auto add the property "width" and "height" on the IMG tag, with the multiple you set.\n这是一个nodejs工具，用于监听你的html文件中的img变化，并根据设定好的倍数自动添加width和height属性.\n\n## installation 安装\n\n```js\nnpm install -g auto-img-size\n```\n\n## usage 用法\n\nswitch to your project folder in terminal and type the command followed:\n\n```js\nais -m [multiple]\n```\n\n## LICENSE\n\nThe MIT License (MIT)\n\nCopyright (c) Hoipo Cheung <tszhanghb@outlook.com>\n\nPermission is hereby granted, free of charge, to any person obtaining a copy\nof this software and associated documentation files (the "Software"), to deal\nin the Software without restriction, including without limitation the rights\nto use, copy, modify, merge, publish, distribute, sublicense, and/or sell\ncopies of the Software, and to permit persons to whom the Software is\nfurnished to do so, subject to the following conditions:\n\nThe above copyright notice and this permission notice shall be included in\nall copies or substantial portions of the Software.\n\nTHE SOFTWARE IS PROVIDED "AS IS", WITHOUT WARRANTY OF ANY KIND, EXPRESS OR\nIMPLIED, INCLUDING BUT NOT LIMITED TO THE WARRANTIES OF MERCHANTABILITY,\nFITNESS FOR A PARTICULAR PURPOSE AND NONINFRINGEMENT. IN NO EVENT SHALL THE\nAUTHORS OR COPYRIGHT HOLDERS BE LIABLE FOR ANY CLAIM, DAMAGES OR OTHER\nLIABILITY, WHETHER IN AN ACTION OF CONTRACT, TORT OR OTHERWISE, ARISING FROM,\nOUT OF OR IN CONNECTION WITH THE SOFTWARE OR THE USE OR OTHER DEALINGS IN\nTHE SOFTWARE.\n',
17 silly publish   readmeFilename: 'README.md',
17 silly publish   gitHead: 'e3968387823d1e44fa41e40b634c7c81f2d7d56c',
17 silly publish   _id: 'auto-img-size@0.1.0',
17 silly publish   _shasum: '1e525fb1be791471e5f3ef5ac34f6b16342be5b8',
17 silly publish   _from: '.' }
18 verbose getPublishConfig undefined
19 silly mapToRegistry name auto-img-size
20 silly mapToRegistry using default registry
21 silly mapToRegistry registry https://registry.npmjs.org/
22 silly mapToRegistry uri https://registry.npmjs.org/auto-img-size
23 verbose publish registryBase https://registry.npmjs.org/
24 silly publish uploading C:\Users\pc\AppData\Roaming\npm-cache\auto-img-size\0.1.0\package.tgz
25 verbose request uri https://registry.npmjs.org/auto-img-size
26 verbose request sending authorization for write operation
27 info attempt registry request try #1 at 17:27:49
28 verbose request using bearer token for auth
29 verbose request id 4372128535655432
30 http request PUT https://registry.npmjs.org/auto-img-size
31 http 403 https://registry.npmjs.org/auto-img-size
32 verbose headers { 'content-type': 'application/json',
32 verbose headers   'cache-control': 'max-age=300',
32 verbose headers   'content-length': '95',
32 verbose headers   'accept-ranges': 'bytes',
32 verbose headers   date: 'Wed, 30 Dec 2015 09:27:54 GMT',
32 verbose headers   via: '1.1 varnish',
32 verbose headers   connection: 'keep-alive',
32 verbose headers   'x-served-by': 'cache-nrt6128-NRT',
32 verbose headers   'x-cache': 'MISS',
32 verbose headers   'x-cache-hits': '0',
32 verbose headers   'x-timer': 'S1451467673.168738,VS0,VE859' }
33 verbose request invalidating C:\Users\pc\AppData\Roaming\npm-cache\registry.npmjs.org\auto-img-size on PUT
34 error publish Failed PUT 403
35 verbose stack Error: "You cannot publish over the previously published version 0.1.0." : auto-img-size
35 verbose stack     at makeError (C:\Program Files\nodejs\node_modules\npm\node_modules\npm-registry-client\lib\request.js:264:12)
35 verbose stack     at CachingRegistryClient.<anonymous> (C:\Program Files\nodejs\node_modules\npm\node_modules\npm-registry-client\lib\request.js:252:14)
35 verbose stack     at Request._callback (C:\Program Files\nodejs\node_modules\npm\node_modules\npm-registry-client\lib\request.js:172:14)
35 verbose stack     at Request.self.callback (C:\Program Files\nodejs\node_modules\npm\node_modules\request\request.js:198:22)
35 verbose stack     at emitTwo (events.js:87:13)
35 verbose stack     at Request.emit (events.js:172:7)
35 verbose stack     at Request.<anonymous> (C:\Program Files\nodejs\node_modules\npm\node_modules\request\request.js:1063:14)
35 verbose stack     at emitOne (events.js:82:20)
35 verbose stack     at Request.emit (events.js:169:7)
35 verbose stack     at IncomingMessage.<anonymous> (C:\Program Files\nodejs\node_modules\npm\node_modules\request\request.js:1009:12)
36 verbose statusCode 403
37 verbose pkgid auto-img-size
38 verbose cwd F:\auto-img-size
39 error Windows_NT 6.1.7601
40 error argv "C:\\Program Files\\nodejs\\node.exe" "C:\\Program Files\\nodejs\\node_modules\\npm\\bin\\npm-cli.js" "publish" "."
41 error node v4.2.3
42 error npm  v2.14.7
43 error code E403
44 error "You cannot publish over the previously published version 0.1.0." : auto-img-size
45 error If you need help, you may report this error at:
45 error     <https://github.com/npm/npm/issues>
46 verbose exit [ 1, true ]
